{"/home/aghthar/backyard/new state/src/app/_layout.tsx": {"path":"/home/aghthar/backyard/new state/src/app/_layout.tsx","statementMap":{"0":{"start":{"line":23,"column":0},"end":{"line":23,"column":36}},"1":{"start":{"line":26,"column":22},"end":{"line":26,"column":38}},"2":{"start":{"line":27,"column":17},"end":{"line":27,"column":39}},"3":{"start":{"line":28,"column":17},"end":{"line":28,"column":28}},"4":{"start":{"line":29,"column":17},"end":{"line":29,"column":36}},"5":{"start":{"line":31,"column":2},"end":{"line":33,"column":9}},"6":{"start":{"line":32,"column":4},"end":{"line":32,"column":29}},"7":{"start":{"line":35,"column":2},"end":{"line":168,"column":4}},"8":{"start":{"line":51,"column":16},"end":{"line":88,"column":24}},"9":{"start":{"line":72,"column":39},"end":{"line":72,"column":52}}},"fnMap":{"0":{"name":"RootLayout","decl":{"start":{"line":25,"column":24},"end":{"line":25,"column":34}},"loc":{"start":{"line":25,"column":37},"end":{"line":169,"column":1}},"line":25},"1":{"name":"(anonymous_1)","decl":{"start":{"line":31,"column":12},"end":{"line":31,"column":13}},"loc":{"start":{"line":31,"column":18},"end":{"line":33,"column":3}},"line":31},"2":{"name":"(anonymous_2)","decl":{"start":{"line":50,"column":22},"end":{"line":50,"column":23}},"loc":{"start":{"line":51,"column":16},"end":{"line":88,"column":24}},"line":51},"3":{"name":"(anonymous_3)","decl":{"start":{"line":72,"column":33},"end":{"line":72,"column":34}},"loc":{"start":{"line":72,"column":39},"end":{"line":72,"column":52}},"line":72}},"branchMap":{"0":{"loc":{"start":{"line":39,"column":17},"end":{"line":39,"column":66}},"type":"cond-expr","locations":[{"start":{"line":39,"column":42},"end":{"line":39,"column":51}},{"start":{"line":39,"column":54},"end":{"line":39,"column":66}}],"line":39},"1":{"loc":{"start":{"line":41,"column":28},"end":{"line":41,"column":69}},"type":"cond-expr","locations":[{"start":{"line":41,"column":53},"end":{"line":41,"column":60}},{"start":{"line":41,"column":63},"end":{"line":41,"column":69}}],"line":41},"2":{"loc":{"start":{"line":46,"column":33},"end":{"line":46,"column":57}},"type":"cond-expr","locations":[{"start":{"line":46,"column":42},"end":{"line":46,"column":48}},{"start":{"line":46,"column":51},"end":{"line":46,"column":57}}],"line":46},"3":{"loc":{"start":{"line":51,"column":16},"end":{"line":88,"column":24}},"type":"cond-expr","locations":[{"start":{"line":52,"column":18},"end":{"line":87,"column":34}},{"start":{"line":88,"column":20},"end":{"line":88,"column":24}}],"line":51},"4":{"loc":{"start":{"line":55,"column":34},"end":{"line":55,"column":66}},"type":"cond-expr","locations":[{"start":{"line":55,"column":43},"end":{"line":55,"column":53}},{"start":{"line":55,"column":56},"end":{"line":55,"column":66}}],"line":55},"5":{"loc":{"start":{"line":74,"column":26},"end":{"line":74,"column":64}},"type":"cond-expr","locations":[{"start":{"line":74,"column":35},"end":{"line":74,"column":48}},{"start":{"line":74,"column":51},"end":{"line":74,"column":64}}],"line":74},"6":{"loc":{"start":{"line":83,"column":33},"end":{"line":83,"column":57}},"type":"cond-expr","locations":[{"start":{"line":83,"column":42},"end":{"line":83,"column":48}},{"start":{"line":83,"column":51},"end":{"line":83,"column":57}}],"line":83},"7":{"loc":{"start":{"line":105,"column":35},"end":{"line":105,"column":59}},"type":"cond-expr","locations":[{"start":{"line":105,"column":44},"end":{"line":105,"column":50}},{"start":{"line":105,"column":53},"end":{"line":105,"column":59}}],"line":105},"8":{"loc":{"start":{"line":116,"column":35},"end":{"line":116,"column":59}},"type":"cond-expr","locations":[{"start":{"line":116,"column":44},"end":{"line":116,"column":50}},{"start":{"line":116,"column":53},"end":{"line":116,"column":59}}],"line":116},"9":{"loc":{"start":{"line":127,"column":35},"end":{"line":127,"column":59}},"type":"cond-expr","locations":[{"start":{"line":127,"column":44},"end":{"line":127,"column":50}},{"start":{"line":127,"column":53},"end":{"line":127,"column":59}}],"line":127},"10":{"loc":{"start":{"line":138,"column":35},"end":{"line":138,"column":59}},"type":"cond-expr","locations":[{"start":{"line":138,"column":44},"end":{"line":138,"column":50}},{"start":{"line":138,"column":53},"end":{"line":138,"column":59}}],"line":138},"11":{"loc":{"start":{"line":149,"column":35},"end":{"line":149,"column":59}},"type":"cond-expr","locations":[{"start":{"line":149,"column":44},"end":{"line":149,"column":50}},{"start":{"line":149,"column":53},"end":{"line":149,"column":59}}],"line":149},"12":{"loc":{"start":{"line":160,"column":35},"end":{"line":160,"column":59}},"type":"cond-expr","locations":[{"start":{"line":160,"column":44},"end":{"line":160,"column":50}},{"start":{"line":160,"column":53},"end":{"line":160,"column":59}}],"line":160}},"s":{"0":0,"1":0,"2":0,"3":0,"4":0,"5":0,"6":0,"7":0,"8":0,"9":0},"f":{"0":0,"1":0,"2":0,"3":0},"b":{"0":[0,0],"1":[0,0],"2":[0,0],"3":[0,0],"4":[0,0],"5":[0,0],"6":[0,0],"7":[0,0],"8":[0,0],"9":[0,0],"10":[0,0],"11":[0,0],"12":[0,0]}}
,"/home/aghthar/backyard/new state/src/app/context.tsx": {"path":"/home/aghthar/backyard/new state/src/app/context.tsx","statementMap":{"0":{"start":{"line":24,"column":21},"end":{"line":24,"column":54}},"1":{"start":{"line":25,"column":24},"end":{"line":25,"column":74}},"2":{"start":{"line":29,"column":2},"end":{"line":49,"column":3}},"3":{"start":{"line":31,"column":6},"end":{"line":31,"column":50}},"4":{"start":{"line":33,"column":6},"end":{"line":33,"column":50}},"5":{"start":{"line":35,"column":6},"end":{"line":41,"column":8}},"6":{"start":{"line":43,"column":6},"end":{"line":46,"column":8}},"7":{"start":{"line":45,"column":44},"end":{"line":45,"column":65}},"8":{"start":{"line":48,"column":6},"end":{"line":48,"column":19}},"9":{"start":{"line":54,"column":16},"end":{"line":54,"column":41}},"10":{"start":{"line":55,"column":19},"end":{"line":55,"column":47}},"11":{"start":{"line":57,"column":22},"end":{"line":57,"column":38}},"12":{"start":{"line":58,"column":17},"end":{"line":58,"column":39}},"13":{"start":{"line":59,"column":17},"end":{"line":59,"column":36}},"14":{"start":{"line":61,"column":23},"end":{"line":61,"column":38}},"15":{"start":{"line":63,"column":2},"end":{"line":133,"column":4}},"16":{"start":{"line":90,"column":29},"end":{"line":90,"column":60}},"17":{"start":{"line":111,"column":29},"end":{"line":111,"column":60}},"18":{"start":{"line":129,"column":29},"end":{"line":129,"column":65}},"19":{"start":{"line":130,"column":30},"end":{"line":130,"column":67}},"20":{"start":{"line":138,"column":28},"end":{"line":141,"column":4}},"21":{"start":{"line":143,"column":2},"end":{"line":149,"column":4}}},"fnMap":{"0":{"name":"reducer","decl":{"start":{"line":28,"column":9},"end":{"line":28,"column":16}},"loc":{"start":{"line":28,"column":54},"end":{"line":50,"column":1}},"line":28},"1":{"name":"(anonymous_1)","decl":{"start":{"line":45,"column":34},"end":{"line":45,"column":35}},"loc":{"start":{"line":45,"column":44},"end":{"line":45,"column":65}},"line":45},"2":{"name":"ContextScreen","decl":{"start":{"line":53,"column":9},"end":{"line":53,"column":22}},"loc":{"start":{"line":53,"column":25},"end":{"line":134,"column":1}},"line":53},"3":{"name":"(anonymous_3)","decl":{"start":{"line":90,"column":23},"end":{"line":90,"column":24}},"loc":{"start":{"line":90,"column":29},"end":{"line":90,"column":60}},"line":90},"4":{"name":"(anonymous_4)","decl":{"start":{"line":111,"column":23},"end":{"line":111,"column":24}},"loc":{"start":{"line":111,"column":29},"end":{"line":111,"column":60}},"line":111},"5":{"name":"(anonymous_5)","decl":{"start":{"line":129,"column":19},"end":{"line":129,"column":20}},"loc":{"start":{"line":129,"column":29},"end":{"line":129,"column":65}},"line":129},"6":{"name":"(anonymous_6)","decl":{"start":{"line":130,"column":22},"end":{"line":130,"column":23}},"loc":{"start":{"line":130,"column":30},"end":{"line":130,"column":67}},"line":130},"7":{"name":"ContextWrapper","decl":{"start":{"line":137,"column":24},"end":{"line":137,"column":38}},"loc":{"start":{"line":137,"column":41},"end":{"line":150,"column":1}},"line":137}},"branchMap":{"0":{"loc":{"start":{"line":29,"column":2},"end":{"line":49,"column":3}},"type":"switch","locations":[{"start":{"line":30,"column":4},"end":{"line":31,"column":50}},{"start":{"line":32,"column":4},"end":{"line":33,"column":50}},{"start":{"line":34,"column":4},"end":{"line":41,"column":8}},{"start":{"line":42,"column":4},"end":{"line":46,"column":8}},{"start":{"line":47,"column":4},"end":{"line":48,"column":19}}],"line":29},"1":{"loc":{"start":{"line":67,"column":25},"end":{"line":67,"column":49}},"type":"cond-expr","locations":[{"start":{"line":67,"column":34},"end":{"line":67,"column":40}},{"start":{"line":67,"column":43},"end":{"line":67,"column":49}}],"line":67},"2":{"loc":{"start":{"line":75,"column":29},"end":{"line":77,"column":40}},"type":"cond-expr","locations":[{"start":{"line":76,"column":16},"end":{"line":76,"column":39}},{"start":{"line":77,"column":16},"end":{"line":77,"column":40}}],"line":75},"3":{"loc":{"start":{"line":92,"column":16},"end":{"line":92,"column":54}},"type":"cond-expr","locations":[{"start":{"line":92,"column":25},"end":{"line":92,"column":38}},{"start":{"line":92,"column":41},"end":{"line":92,"column":54}}],"line":92},"4":{"loc":{"start":{"line":96,"column":39},"end":{"line":96,"column":75}},"type":"cond-expr","locations":[{"start":{"line":96,"column":48},"end":{"line":96,"column":60}},{"start":{"line":96,"column":63},"end":{"line":96,"column":75}}],"line":96},"5":{"loc":{"start":{"line":104,"column":16},"end":{"line":104,"column":52}},"type":"cond-expr","locations":[{"start":{"line":104,"column":25},"end":{"line":104,"column":37}},{"start":{"line":104,"column":40},"end":{"line":104,"column":52}}],"line":104},"6":{"loc":{"start":{"line":113,"column":16},"end":{"line":113,"column":54}},"type":"cond-expr","locations":[{"start":{"line":113,"column":25},"end":{"line":113,"column":38}},{"start":{"line":113,"column":41},"end":{"line":113,"column":54}}],"line":113},"7":{"loc":{"start":{"line":117,"column":39},"end":{"line":117,"column":75}},"type":"cond-expr","locations":[{"start":{"line":117,"column":48},"end":{"line":117,"column":60}},{"start":{"line":117,"column":63},"end":{"line":117,"column":75}}],"line":117}},"s":{"0":0,"1":0,"2":0,"3":0,"4":0,"5":0,"6":0,"7":0,"8":0,"9":0,"10":0,"11":0,"12":0,"13":0,"14":0,"15":0,"16":0,"17":0,"18":0,"19":0,"20":0,"21":0},"f":{"0":0,"1":0,"2":0,"3":0,"4":0,"5":0,"6":0,"7":0},"b":{"0":[0,0,0,0,0],"1":[0,0],"2":[0,0],"3":[0,0],"4":[0,0],"5":[0,0],"6":[0,0],"7":[0,0]}}
,"/home/aghthar/backyard/new state/src/app/index.tsx": {"path":"/home/aghthar/backyard/new state/src/app/index.tsx","statementMap":{"0":{"start":{"line":15,"column":39},"end":{"line":58,"column":1}},"1":{"start":{"line":61,"column":17},"end":{"line":61,"column":36}},"2":{"start":{"line":62,"column":22},"end":{"line":62,"column":38}},"3":{"start":{"line":63,"column":17},"end":{"line":63,"column":39}},"4":{"start":{"line":65,"column":2},"end":{"line":119,"column":4}},"5":{"start":{"line":92,"column":12},"end":{"line":114,"column":19}}},"fnMap":{"0":{"name":"HomeScreen","decl":{"start":{"line":60,"column":24},"end":{"line":60,"column":34}},"loc":{"start":{"line":60,"column":37},"end":{"line":120,"column":1}},"line":60},"1":{"name":"(anonymous_1)","decl":{"start":{"line":91,"column":30},"end":{"line":91,"column":31}},"loc":{"start":{"line":92,"column":12},"end":{"line":114,"column":19}},"line":92}},"branchMap":{"0":{"loc":{"start":{"line":70,"column":25},"end":{"line":70,"column":49}},"type":"cond-expr","locations":[{"start":{"line":70,"column":34},"end":{"line":70,"column":40}},{"start":{"line":70,"column":43},"end":{"line":70,"column":49}}],"line":70},"1":{"loc":{"start":{"line":76,"column":12},"end":{"line":76,"column":48}},"type":"cond-expr","locations":[{"start":{"line":76,"column":21},"end":{"line":76,"column":33}},{"start":{"line":76,"column":36},"end":{"line":76,"column":48}}],"line":76},"2":{"loc":{"start":{"line":83,"column":12},"end":{"line":83,"column":54}},"type":"cond-expr","locations":[{"start":{"line":83,"column":21},"end":{"line":83,"column":36}},{"start":{"line":83,"column":39},"end":{"line":83,"column":54}}],"line":83},"3":{"loc":{"start":{"line":95,"column":18},"end":{"line":95,"column":59}},"type":"cond-expr","locations":[{"start":{"line":95,"column":27},"end":{"line":95,"column":43}},{"start":{"line":95,"column":46},"end":{"line":95,"column":59}}],"line":95},"4":{"loc":{"start":{"line":101,"column":20},"end":{"line":101,"column":56}},"type":"cond-expr","locations":[{"start":{"line":101,"column":29},"end":{"line":101,"column":41}},{"start":{"line":101,"column":44},"end":{"line":101,"column":56}}],"line":101},"5":{"loc":{"start":{"line":108,"column":20},"end":{"line":108,"column":62}},"type":"cond-expr","locations":[{"start":{"line":108,"column":29},"end":{"line":108,"column":44}},{"start":{"line":108,"column":47},"end":{"line":108,"column":62}}],"line":108}},"s":{"0":0,"1":0,"2":0,"3":0,"4":0,"5":0},"f":{"0":0,"1":0},"b":{"0":[0,0],"1":[0,0],"2":[0,0],"3":[0,0],"4":[0,0],"5":[0,0]}}
,"/home/aghthar/backyard/new state/src/app/jotai.tsx": {"path":"/home/aghthar/backyard/new state/src/app/jotai.tsx","statementMap":{"0":{"start":{"line":14,"column":18},"end":{"line":14,"column":25}},"1":{"start":{"line":15,"column":18},"end":{"line":15,"column":34}},"2":{"start":{"line":19,"column":28},"end":{"line":19,"column":46}},"3":{"start":{"line":20,"column":28},"end":{"line":20,"column":46}},"4":{"start":{"line":22,"column":22},"end":{"line":22,"column":38}},"5":{"start":{"line":23,"column":17},"end":{"line":23,"column":39}},"6":{"start":{"line":24,"column":17},"end":{"line":24,"column":36}},"7":{"start":{"line":26,"column":23},"end":{"line":26,"column":38}},"8":{"start":{"line":28,"column":18},"end":{"line":30,"column":3}},"9":{"start":{"line":29,"column":4},"end":{"line":29,"column":71}},"10":{"start":{"line":29,"column":23},"end":{"line":29,"column":69}},"11":{"start":{"line":32,"column":21},"end":{"line":34,"column":3}},"12":{"start":{"line":33,"column":4},"end":{"line":33,"column":62}},"13":{"start":{"line":33,"column":23},"end":{"line":33,"column":60}},"14":{"start":{"line":33,"column":45},"end":{"line":33,"column":59}},"15":{"start":{"line":36,"column":2},"end":{"line":102,"column":4}},"16":{"start":{"line":63,"column":29},"end":{"line":63,"column":51}},"17":{"start":{"line":63,"column":45},"end":{"line":63,"column":50}},"18":{"start":{"line":84,"column":29},"end":{"line":84,"column":51}},"19":{"start":{"line":84,"column":45},"end":{"line":84,"column":50}}},"fnMap":{"0":{"name":"JotaiScreen","decl":{"start":{"line":18,"column":24},"end":{"line":18,"column":35}},"loc":{"start":{"line":18,"column":38},"end":{"line":103,"column":1}},"line":18},"1":{"name":"(anonymous_1)","decl":{"start":{"line":28,"column":18},"end":{"line":28,"column":19}},"loc":{"start":{"line":28,"column":36},"end":{"line":30,"column":3}},"line":28},"2":{"name":"(anonymous_2)","decl":{"start":{"line":29,"column":13},"end":{"line":29,"column":14}},"loc":{"start":{"line":29,"column":23},"end":{"line":29,"column":69}},"line":29},"3":{"name":"(anonymous_3)","decl":{"start":{"line":32,"column":21},"end":{"line":32,"column":22}},"loc":{"start":{"line":32,"column":37},"end":{"line":34,"column":3}},"line":32},"4":{"name":"(anonymous_4)","decl":{"start":{"line":33,"column":13},"end":{"line":33,"column":14}},"loc":{"start":{"line":33,"column":23},"end":{"line":33,"column":60}},"line":33},"5":{"name":"(anonymous_5)","decl":{"start":{"line":33,"column":35},"end":{"line":33,"column":36}},"loc":{"start":{"line":33,"column":45},"end":{"line":33,"column":59}},"line":33},"6":{"name":"(anonymous_6)","decl":{"start":{"line":63,"column":23},"end":{"line":63,"column":24}},"loc":{"start":{"line":63,"column":29},"end":{"line":63,"column":51}},"line":63},"7":{"name":"(anonymous_7)","decl":{"start":{"line":63,"column":38},"end":{"line":63,"column":39}},"loc":{"start":{"line":63,"column":45},"end":{"line":63,"column":50}},"line":63},"8":{"name":"(anonymous_8)","decl":{"start":{"line":84,"column":23},"end":{"line":84,"column":24}},"loc":{"start":{"line":84,"column":29},"end":{"line":84,"column":51}},"line":84},"9":{"name":"(anonymous_9)","decl":{"start":{"line":84,"column":38},"end":{"line":84,"column":39}},"loc":{"start":{"line":84,"column":45},"end":{"line":84,"column":50}},"line":84}},"branchMap":{"0":{"loc":{"start":{"line":40,"column":25},"end":{"line":40,"column":49}},"type":"cond-expr","locations":[{"start":{"line":40,"column":34},"end":{"line":40,"column":40}},{"start":{"line":40,"column":43},"end":{"line":40,"column":49}}],"line":40},"1":{"loc":{"start":{"line":48,"column":29},"end":{"line":50,"column":40}},"type":"cond-expr","locations":[{"start":{"line":49,"column":16},"end":{"line":49,"column":39}},{"start":{"line":50,"column":16},"end":{"line":50,"column":40}}],"line":48},"2":{"loc":{"start":{"line":65,"column":16},"end":{"line":65,"column":54}},"type":"cond-expr","locations":[{"start":{"line":65,"column":25},"end":{"line":65,"column":38}},{"start":{"line":65,"column":41},"end":{"line":65,"column":54}}],"line":65},"3":{"loc":{"start":{"line":69,"column":39},"end":{"line":69,"column":75}},"type":"cond-expr","locations":[{"start":{"line":69,"column":48},"end":{"line":69,"column":60}},{"start":{"line":69,"column":63},"end":{"line":69,"column":75}}],"line":69},"4":{"loc":{"start":{"line":77,"column":16},"end":{"line":77,"column":52}},"type":"cond-expr","locations":[{"start":{"line":77,"column":25},"end":{"line":77,"column":37}},{"start":{"line":77,"column":40},"end":{"line":77,"column":52}}],"line":77},"5":{"loc":{"start":{"line":86,"column":16},"end":{"line":86,"column":54}},"type":"cond-expr","locations":[{"start":{"line":86,"column":25},"end":{"line":86,"column":38}},{"start":{"line":86,"column":41},"end":{"line":86,"column":54}}],"line":86},"6":{"loc":{"start":{"line":90,"column":39},"end":{"line":90,"column":75}},"type":"cond-expr","locations":[{"start":{"line":90,"column":48},"end":{"line":90,"column":60}},{"start":{"line":90,"column":63},"end":{"line":90,"column":75}}],"line":90}},"s":{"0":0,"1":0,"2":0,"3":0,"4":0,"5":0,"6":0,"7":0,"8":0,"9":0,"10":0,"11":0,"12":0,"13":0,"14":0,"15":0,"16":0,"17":0,"18":0,"19":0},"f":{"0":0,"1":0,"2":0,"3":0,"4":0,"5":0,"6":0,"7":0,"8":0,"9":0},"b":{"0":[0,0],"1":[0,0],"2":[0,0],"3":[0,0],"4":[0,0],"5":[0,0],"6":[0,0]}}
,"/home/aghthar/backyard/new state/src/app/mobx.tsx": {"path":"/home/aghthar/backyard/new state/src/app/mobx.tsx","statementMap":{"0":{"start":{"line":17,"column":10},"end":{"line":17,"column":11}},"1":{"start":{"line":20,"column":18},"end":{"line":20,"column":20}},"2":{"start":{"line":23,"column":4},"end":{"line":23,"column":29}},"3":{"start":{"line":27,"column":14},"end":{"line":29,"column":3}},"4":{"start":{"line":28,"column":4},"end":{"line":28,"column":20}},"5":{"start":{"line":31,"column":14},"end":{"line":33,"column":3}},"6":{"start":{"line":32,"column":4},"end":{"line":32,"column":20}},"7":{"start":{"line":36,"column":12},"end":{"line":41,"column":3}},"8":{"start":{"line":37,"column":4},"end":{"line":40,"column":7}},"9":{"start":{"line":43,"column":15},"end":{"line":45,"column":3}},"10":{"start":{"line":44,"column":4},"end":{"line":44,"column":61}},"11":{"start":{"line":44,"column":45},"end":{"line":44,"column":59}},"12":{"start":{"line":49,"column":14},"end":{"line":49,"column":25}},"13":{"start":{"line":53,"column":22},"end":{"line":53,"column":38}},"14":{"start":{"line":54,"column":17},"end":{"line":54,"column":39}},"15":{"start":{"line":55,"column":17},"end":{"line":55,"column":36}},"16":{"start":{"line":58,"column":23},"end":{"line":58,"column":38}},"17":{"start":{"line":60,"column":2},"end":{"line":133,"column":4}}},"fnMap":{"0":{"name":"(anonymous_0)","decl":{"start":{"line":22,"column":2},"end":{"line":22,"column":3}},"loc":{"start":{"line":22,"column":16},"end":{"line":24,"column":3}},"line":22},"1":{"name":"(anonymous_1)","decl":{"start":{"line":27,"column":14},"end":{"line":27,"column":15}},"loc":{"start":{"line":27,"column":20},"end":{"line":29,"column":3}},"line":27},"2":{"name":"(anonymous_2)","decl":{"start":{"line":31,"column":14},"end":{"line":31,"column":15}},"loc":{"start":{"line":31,"column":20},"end":{"line":33,"column":3}},"line":31},"3":{"name":"(anonymous_3)","decl":{"start":{"line":36,"column":12},"end":{"line":36,"column":13}},"loc":{"start":{"line":36,"column":30},"end":{"line":41,"column":3}},"line":36},"4":{"name":"(anonymous_4)","decl":{"start":{"line":43,"column":15},"end":{"line":43,"column":16}},"loc":{"start":{"line":43,"column":31},"end":{"line":45,"column":3}},"line":43},"5":{"name":"(anonymous_5)","decl":{"start":{"line":44,"column":35},"end":{"line":44,"column":36}},"loc":{"start":{"line":44,"column":45},"end":{"line":44,"column":59}},"line":44},"6":{"name":"MobxScreen","decl":{"start":{"line":52,"column":9},"end":{"line":52,"column":19}},"loc":{"start":{"line":52,"column":22},"end":{"line":134,"column":1}},"line":52}},"branchMap":{"0":{"loc":{"start":{"line":64,"column":25},"end":{"line":64,"column":49}},"type":"cond-expr","locations":[{"start":{"line":64,"column":34},"end":{"line":64,"column":40}},{"start":{"line":64,"column":43},"end":{"line":64,"column":49}}],"line":64},"1":{"loc":{"start":{"line":72,"column":29},"end":{"line":74,"column":40}},"type":"cond-expr","locations":[{"start":{"line":73,"column":16},"end":{"line":73,"column":39}},{"start":{"line":74,"column":16},"end":{"line":74,"column":40}}],"line":72},"2":{"loc":{"start":{"line":90,"column":16},"end":{"line":90,"column":54}},"type":"cond-expr","locations":[{"start":{"line":90,"column":25},"end":{"line":90,"column":38}},{"start":{"line":90,"column":41},"end":{"line":90,"column":54}}],"line":90},"3":{"loc":{"start":{"line":94,"column":39},"end":{"line":94,"column":75}},"type":"cond-expr","locations":[{"start":{"line":94,"column":48},"end":{"line":94,"column":60}},{"start":{"line":94,"column":63},"end":{"line":94,"column":75}}],"line":94},"4":{"loc":{"start":{"line":103,"column":16},"end":{"line":103,"column":52}},"type":"cond-expr","locations":[{"start":{"line":103,"column":25},"end":{"line":103,"column":37}},{"start":{"line":103,"column":40},"end":{"line":103,"column":52}}],"line":103},"5":{"loc":{"start":{"line":113,"column":16},"end":{"line":113,"column":54}},"type":"cond-expr","locations":[{"start":{"line":113,"column":25},"end":{"line":113,"column":38}},{"start":{"line":113,"column":41},"end":{"line":113,"column":54}}],"line":113},"6":{"loc":{"start":{"line":117,"column":39},"end":{"line":117,"column":75}},"type":"cond-expr","locations":[{"start":{"line":117,"column":48},"end":{"line":117,"column":60}},{"start":{"line":117,"column":63},"end":{"line":117,"column":75}}],"line":117}},"s":{"0":0,"1":0,"2":0,"3":0,"4":0,"5":0,"6":0,"7":0,"8":0,"9":0,"10":0,"11":0,"12":0,"13":0,"14":0,"15":0,"16":0,"17":0},"f":{"0":0,"1":0,"2":0,"3":0,"4":0,"5":0,"6":0},"b":{"0":[0,0],"1":[0,0],"2":[0,0],"3":[0,0],"4":[0,0],"5":[0,0],"6":[0,0]}}
,"/home/aghthar/backyard/new state/src/app/recoil.tsx": {"path":"/home/aghthar/backyard/new state/src/app/recoil.tsx","statementMap":{"0":{"start":{"line":20,"column":21},"end":{"line":23,"column":2}},"1":{"start":{"line":25,"column":19},"end":{"line":28,"column":2}},"2":{"start":{"line":32,"column":28},"end":{"line":32,"column":56}},"3":{"start":{"line":33,"column":16},"end":{"line":33,"column":42}},"4":{"start":{"line":34,"column":19},"end":{"line":34,"column":48}},"5":{"start":{"line":36,"column":22},"end":{"line":36,"column":38}},"6":{"start":{"line":37,"column":17},"end":{"line":37,"column":39}},"7":{"start":{"line":38,"column":17},"end":{"line":38,"column":36}},"8":{"start":{"line":40,"column":23},"end":{"line":40,"column":38}},"9":{"start":{"line":42,"column":18},"end":{"line":44,"column":3}},"10":{"start":{"line":43,"column":4},"end":{"line":43,"column":71}},"11":{"start":{"line":43,"column":23},"end":{"line":43,"column":69}},"12":{"start":{"line":46,"column":21},"end":{"line":48,"column":3}},"13":{"start":{"line":47,"column":4},"end":{"line":47,"column":62}},"14":{"start":{"line":47,"column":23},"end":{"line":47,"column":60}},"15":{"start":{"line":47,"column":45},"end":{"line":47,"column":59}},"16":{"start":{"line":50,"column":2},"end":{"line":116,"column":4}},"17":{"start":{"line":77,"column":29},"end":{"line":77,"column":51}},"18":{"start":{"line":77,"column":45},"end":{"line":77,"column":50}},"19":{"start":{"line":98,"column":29},"end":{"line":98,"column":51}},"20":{"start":{"line":98,"column":45},"end":{"line":98,"column":50}},"21":{"start":{"line":121,"column":2},"end":{"line":125,"column":4}}},"fnMap":{"0":{"name":"RecoilScreen","decl":{"start":{"line":31,"column":9},"end":{"line":31,"column":21}},"loc":{"start":{"line":31,"column":24},"end":{"line":117,"column":1}},"line":31},"1":{"name":"(anonymous_1)","decl":{"start":{"line":42,"column":18},"end":{"line":42,"column":19}},"loc":{"start":{"line":42,"column":36},"end":{"line":44,"column":3}},"line":42},"2":{"name":"(anonymous_2)","decl":{"start":{"line":43,"column":13},"end":{"line":43,"column":14}},"loc":{"start":{"line":43,"column":23},"end":{"line":43,"column":69}},"line":43},"3":{"name":"(anonymous_3)","decl":{"start":{"line":46,"column":21},"end":{"line":46,"column":22}},"loc":{"start":{"line":46,"column":37},"end":{"line":48,"column":3}},"line":46},"4":{"name":"(anonymous_4)","decl":{"start":{"line":47,"column":13},"end":{"line":47,"column":14}},"loc":{"start":{"line":47,"column":23},"end":{"line":47,"column":60}},"line":47},"5":{"name":"(anonymous_5)","decl":{"start":{"line":47,"column":35},"end":{"line":47,"column":36}},"loc":{"start":{"line":47,"column":45},"end":{"line":47,"column":59}},"line":47},"6":{"name":"(anonymous_6)","decl":{"start":{"line":77,"column":23},"end":{"line":77,"column":24}},"loc":{"start":{"line":77,"column":29},"end":{"line":77,"column":51}},"line":77},"7":{"name":"(anonymous_7)","decl":{"start":{"line":77,"column":38},"end":{"line":77,"column":39}},"loc":{"start":{"line":77,"column":45},"end":{"line":77,"column":50}},"line":77},"8":{"name":"(anonymous_8)","decl":{"start":{"line":98,"column":23},"end":{"line":98,"column":24}},"loc":{"start":{"line":98,"column":29},"end":{"line":98,"column":51}},"line":98},"9":{"name":"(anonymous_9)","decl":{"start":{"line":98,"column":38},"end":{"line":98,"column":39}},"loc":{"start":{"line":98,"column":45},"end":{"line":98,"column":50}},"line":98},"10":{"name":"RecoilWrapper","decl":{"start":{"line":120,"column":24},"end":{"line":120,"column":37}},"loc":{"start":{"line":120,"column":40},"end":{"line":126,"column":1}},"line":120}},"branchMap":{"0":{"loc":{"start":{"line":54,"column":25},"end":{"line":54,"column":49}},"type":"cond-expr","locations":[{"start":{"line":54,"column":34},"end":{"line":54,"column":40}},{"start":{"line":54,"column":43},"end":{"line":54,"column":49}}],"line":54},"1":{"loc":{"start":{"line":62,"column":29},"end":{"line":64,"column":40}},"type":"cond-expr","locations":[{"start":{"line":63,"column":16},"end":{"line":63,"column":39}},{"start":{"line":64,"column":16},"end":{"line":64,"column":40}}],"line":62},"2":{"loc":{"start":{"line":79,"column":16},"end":{"line":79,"column":54}},"type":"cond-expr","locations":[{"start":{"line":79,"column":25},"end":{"line":79,"column":38}},{"start":{"line":79,"column":41},"end":{"line":79,"column":54}}],"line":79},"3":{"loc":{"start":{"line":83,"column":39},"end":{"line":83,"column":75}},"type":"cond-expr","locations":[{"start":{"line":83,"column":48},"end":{"line":83,"column":60}},{"start":{"line":83,"column":63},"end":{"line":83,"column":75}}],"line":83},"4":{"loc":{"start":{"line":91,"column":16},"end":{"line":91,"column":52}},"type":"cond-expr","locations":[{"start":{"line":91,"column":25},"end":{"line":91,"column":37}},{"start":{"line":91,"column":40},"end":{"line":91,"column":52}}],"line":91},"5":{"loc":{"start":{"line":100,"column":16},"end":{"line":100,"column":54}},"type":"cond-expr","locations":[{"start":{"line":100,"column":25},"end":{"line":100,"column":38}},{"start":{"line":100,"column":41},"end":{"line":100,"column":54}}],"line":100},"6":{"loc":{"start":{"line":104,"column":39},"end":{"line":104,"column":75}},"type":"cond-expr","locations":[{"start":{"line":104,"column":48},"end":{"line":104,"column":60}},{"start":{"line":104,"column":63},"end":{"line":104,"column":75}}],"line":104}},"s":{"0":0,"1":0,"2":0,"3":0,"4":0,"5":0,"6":0,"7":0,"8":0,"9":0,"10":0,"11":0,"12":0,"13":0,"14":0,"15":0,"16":0,"17":0,"18":0,"19":0,"20":0,"21":0},"f":{"0":0,"1":0,"2":0,"3":0,"4":0,"5":0,"6":0,"7":0,"8":0,"9":0,"10":0},"b":{"0":[0,0],"1":[0,0],"2":[0,0],"3":[0,0],"4":[0,0],"5":[0,0],"6":[0,0]}}
,"/home/aghthar/backyard/new state/src/app/redux.tsx": {"path":"/home/aghthar/backyard/new state/src/app/redux.tsx","statementMap":{"0":{"start":{"line":29,"column":21},"end":{"line":40,"column":2}},"1":{"start":{"line":34,"column":6},"end":{"line":34,"column":23}},"2":{"start":{"line":37,"column":6},"end":{"line":37,"column":23}},"3":{"start":{"line":43,"column":19},"end":{"line":57,"column":2}},"4":{"start":{"line":48,"column":6},"end":{"line":51,"column":9}},"5":{"start":{"line":54,"column":6},"end":{"line":54,"column":77}},"6":{"start":{"line":54,"column":49},"end":{"line":54,"column":75}},"7":{"start":{"line":60,"column":14},"end":{"line":65,"column":2}},"8":{"start":{"line":68,"column":33},"end":{"line":68,"column":53}},"9":{"start":{"line":69,"column":32},"end":{"line":69,"column":50}},"10":{"start":{"line":73,"column":16},"end":{"line":73,"column":70}},"11":{"start":{"line":73,"column":50},"end":{"line":73,"column":69}},"12":{"start":{"line":74,"column":16},"end":{"line":74,"column":68}},"13":{"start":{"line":74,"column":50},"end":{"line":74,"column":67}},"14":{"start":{"line":75,"column":19},"end":{"line":75,"column":32}},"15":{"start":{"line":76,"column":22},"end":{"line":76,"column":38}},"16":{"start":{"line":77,"column":17},"end":{"line":77,"column":39}},"17":{"start":{"line":78,"column":17},"end":{"line":78,"column":36}},"18":{"start":{"line":81,"column":23},"end":{"line":81,"column":38}},"19":{"start":{"line":83,"column":2},"end":{"line":156,"column":4}},"20":{"start":{"line":111,"column":29},"end":{"line":111,"column":50}},"21":{"start":{"line":134,"column":29},"end":{"line":134,"column":50}},"22":{"start":{"line":152,"column":37},"end":{"line":152,"column":60}},"23":{"start":{"line":153,"column":38},"end":{"line":153,"column":62}},"24":{"start":{"line":161,"column":2},"end":{"line":165,"column":4}}},"fnMap":{"0":{"name":"(anonymous_0)","decl":{"start":{"line":33,"column":15},"end":{"line":33,"column":16}},"loc":{"start":{"line":33,"column":26},"end":{"line":35,"column":5}},"line":33},"1":{"name":"(anonymous_1)","decl":{"start":{"line":36,"column":15},"end":{"line":36,"column":16}},"loc":{"start":{"line":36,"column":26},"end":{"line":38,"column":5}},"line":36},"2":{"name":"(anonymous_2)","decl":{"start":{"line":47,"column":13},"end":{"line":47,"column":14}},"loc":{"start":{"line":47,"column":55},"end":{"line":52,"column":5}},"line":47},"3":{"name":"(anonymous_3)","decl":{"start":{"line":53,"column":16},"end":{"line":53,"column":17}},"loc":{"start":{"line":53,"column":58},"end":{"line":55,"column":5}},"line":53},"4":{"name":"(anonymous_4)","decl":{"start":{"line":54,"column":39},"end":{"line":54,"column":40}},"loc":{"start":{"line":54,"column":49},"end":{"line":54,"column":75}},"line":54},"5":{"name":"ReduxScreen","decl":{"start":{"line":72,"column":9},"end":{"line":72,"column":20}},"loc":{"start":{"line":72,"column":23},"end":{"line":157,"column":1}},"line":72},"6":{"name":"(anonymous_6)","decl":{"start":{"line":73,"column":28},"end":{"line":73,"column":29}},"loc":{"start":{"line":73,"column":50},"end":{"line":73,"column":69}},"line":73},"7":{"name":"(anonymous_7)","decl":{"start":{"line":74,"column":28},"end":{"line":74,"column":29}},"loc":{"start":{"line":74,"column":50},"end":{"line":74,"column":67}},"line":74},"8":{"name":"(anonymous_8)","decl":{"start":{"line":111,"column":23},"end":{"line":111,"column":24}},"loc":{"start":{"line":111,"column":29},"end":{"line":111,"column":50}},"line":111},"9":{"name":"(anonymous_9)","decl":{"start":{"line":134,"column":23},"end":{"line":134,"column":24}},"loc":{"start":{"line":134,"column":29},"end":{"line":134,"column":50}},"line":134},"10":{"name":"(anonymous_10)","decl":{"start":{"line":152,"column":19},"end":{"line":152,"column":20}},"loc":{"start":{"line":152,"column":37},"end":{"line":152,"column":60}},"line":152},"11":{"name":"(anonymous_11)","decl":{"start":{"line":153,"column":22},"end":{"line":153,"column":23}},"loc":{"start":{"line":153,"column":38},"end":{"line":153,"column":62}},"line":153},"12":{"name":"ReduxWrapper","decl":{"start":{"line":160,"column":24},"end":{"line":160,"column":36}},"loc":{"start":{"line":160,"column":39},"end":{"line":166,"column":1}},"line":160}},"branchMap":{"0":{"loc":{"start":{"line":87,"column":25},"end":{"line":87,"column":49}},"type":"cond-expr","locations":[{"start":{"line":87,"column":34},"end":{"line":87,"column":40}},{"start":{"line":87,"column":43},"end":{"line":87,"column":49}}],"line":87},"1":{"loc":{"start":{"line":95,"column":29},"end":{"line":97,"column":40}},"type":"cond-expr","locations":[{"start":{"line":96,"column":16},"end":{"line":96,"column":39}},{"start":{"line":97,"column":16},"end":{"line":97,"column":40}}],"line":95},"2":{"loc":{"start":{"line":113,"column":16},"end":{"line":113,"column":54}},"type":"cond-expr","locations":[{"start":{"line":113,"column":25},"end":{"line":113,"column":38}},{"start":{"line":113,"column":41},"end":{"line":113,"column":54}}],"line":113},"3":{"loc":{"start":{"line":117,"column":39},"end":{"line":117,"column":75}},"type":"cond-expr","locations":[{"start":{"line":117,"column":48},"end":{"line":117,"column":60}},{"start":{"line":117,"column":63},"end":{"line":117,"column":75}}],"line":117},"4":{"loc":{"start":{"line":126,"column":16},"end":{"line":126,"column":52}},"type":"cond-expr","locations":[{"start":{"line":126,"column":25},"end":{"line":126,"column":37}},{"start":{"line":126,"column":40},"end":{"line":126,"column":52}}],"line":126},"5":{"loc":{"start":{"line":136,"column":16},"end":{"line":136,"column":54}},"type":"cond-expr","locations":[{"start":{"line":136,"column":25},"end":{"line":136,"column":38}},{"start":{"line":136,"column":41},"end":{"line":136,"column":54}}],"line":136},"6":{"loc":{"start":{"line":140,"column":39},"end":{"line":140,"column":75}},"type":"cond-expr","locations":[{"start":{"line":140,"column":48},"end":{"line":140,"column":60}},{"start":{"line":140,"column":63},"end":{"line":140,"column":75}}],"line":140}},"s":{"0":0,"1":0,"2":0,"3":0,"4":0,"5":0,"6":0,"7":0,"8":0,"9":0,"10":0,"11":0,"12":0,"13":0,"14":0,"15":0,"16":0,"17":0,"18":0,"19":0,"20":0,"21":0,"22":0,"23":0,"24":0},"f":{"0":0,"1":0,"2":0,"3":0,"4":0,"5":0,"6":0,"7":0,"8":0,"9":0,"10":0,"11":0,"12":0},"b":{"0":[0,0],"1":[0,0],"2":[0,0],"3":[0,0],"4":[0,0],"5":[0,0],"6":[0,0]}}
,"/home/aghthar/backyard/new state/src/app/zustand.tsx": {"path":"/home/aghthar/backyard/new state/src/app/zustand.tsx","statementMap":{"0":{"start":{"line":26,"column":17},"end":{"line":42,"column":3}},"1":{"start":{"line":26,"column":46},"end":{"line":42,"column":1}},"2":{"start":{"line":29,"column":19},"end":{"line":29,"column":63}},"3":{"start":{"line":29,"column":35},"end":{"line":29,"column":61}},"4":{"start":{"line":30,"column":19},"end":{"line":30,"column":63}},"5":{"start":{"line":30,"column":35},"end":{"line":30,"column":61}},"6":{"start":{"line":35,"column":4},"end":{"line":37,"column":7}},"7":{"start":{"line":35,"column":20},"end":{"line":37,"column":5}},"8":{"start":{"line":39,"column":4},"end":{"line":41,"column":7}},"9":{"start":{"line":39,"column":20},"end":{"line":41,"column":5}},"10":{"start":{"line":40,"column":42},"end":{"line":40,"column":56}},"11":{"start":{"line":46,"column":16},"end":{"line":46,"column":48}},"12":{"start":{"line":46,"column":36},"end":{"line":46,"column":47}},"13":{"start":{"line":47,"column":16},"end":{"line":47,"column":48}},"14":{"start":{"line":47,"column":36},"end":{"line":47,"column":47}},"15":{"start":{"line":48,"column":20},"end":{"line":48,"column":56}},"16":{"start":{"line":48,"column":40},"end":{"line":48,"column":55}},"17":{"start":{"line":49,"column":20},"end":{"line":49,"column":56}},"18":{"start":{"line":49,"column":40},"end":{"line":49,"column":55}},"19":{"start":{"line":50,"column":18},"end":{"line":50,"column":52}},"20":{"start":{"line":50,"column":38},"end":{"line":50,"column":51}},"21":{"start":{"line":51,"column":21},"end":{"line":51,"column":58}},"22":{"start":{"line":51,"column":41},"end":{"line":51,"column":57}},"23":{"start":{"line":53,"column":22},"end":{"line":53,"column":38}},"24":{"start":{"line":54,"column":17},"end":{"line":54,"column":39}},"25":{"start":{"line":55,"column":17},"end":{"line":55,"column":36}},"26":{"start":{"line":58,"column":23},"end":{"line":58,"column":38}},"27":{"start":{"line":60,"column":2},"end":{"line":129,"column":4}}},"fnMap":{"0":{"name":"(anonymous_0)","decl":{"start":{"line":26,"column":36},"end":{"line":26,"column":37}},"loc":{"start":{"line":26,"column":46},"end":{"line":42,"column":1}},"line":26},"1":{"name":"(anonymous_1)","decl":{"start":{"line":29,"column":13},"end":{"line":29,"column":14}},"loc":{"start":{"line":29,"column":19},"end":{"line":29,"column":63}},"line":29},"2":{"name":"(anonymous_2)","decl":{"start":{"line":29,"column":23},"end":{"line":29,"column":24}},"loc":{"start":{"line":29,"column":35},"end":{"line":29,"column":61}},"line":29},"3":{"name":"(anonymous_3)","decl":{"start":{"line":30,"column":13},"end":{"line":30,"column":14}},"loc":{"start":{"line":30,"column":19},"end":{"line":30,"column":63}},"line":30},"4":{"name":"(anonymous_4)","decl":{"start":{"line":30,"column":23},"end":{"line":30,"column":24}},"loc":{"start":{"line":30,"column":35},"end":{"line":30,"column":61}},"line":30},"5":{"name":"(anonymous_5)","decl":{"start":{"line":34,"column":11},"end":{"line":34,"column":12}},"loc":{"start":{"line":35,"column":4},"end":{"line":37,"column":7}},"line":35},"6":{"name":"(anonymous_6)","decl":{"start":{"line":35,"column":8},"end":{"line":35,"column":9}},"loc":{"start":{"line":35,"column":20},"end":{"line":37,"column":5}},"line":35},"7":{"name":"(anonymous_7)","decl":{"start":{"line":38,"column":14},"end":{"line":38,"column":15}},"loc":{"start":{"line":39,"column":4},"end":{"line":41,"column":7}},"line":39},"8":{"name":"(anonymous_8)","decl":{"start":{"line":39,"column":8},"end":{"line":39,"column":9}},"loc":{"start":{"line":39,"column":20},"end":{"line":41,"column":5}},"line":39},"9":{"name":"(anonymous_9)","decl":{"start":{"line":40,"column":32},"end":{"line":40,"column":33}},"loc":{"start":{"line":40,"column":42},"end":{"line":40,"column":56}},"line":40},"10":{"name":"ZustandScreen","decl":{"start":{"line":45,"column":24},"end":{"line":45,"column":37}},"loc":{"start":{"line":45,"column":40},"end":{"line":130,"column":1}},"line":45},"11":{"name":"(anonymous_11)","decl":{"start":{"line":46,"column":25},"end":{"line":46,"column":26}},"loc":{"start":{"line":46,"column":36},"end":{"line":46,"column":47}},"line":46},"12":{"name":"(anonymous_12)","decl":{"start":{"line":47,"column":25},"end":{"line":47,"column":26}},"loc":{"start":{"line":47,"column":36},"end":{"line":47,"column":47}},"line":47},"13":{"name":"(anonymous_13)","decl":{"start":{"line":48,"column":29},"end":{"line":48,"column":30}},"loc":{"start":{"line":48,"column":40},"end":{"line":48,"column":55}},"line":48},"14":{"name":"(anonymous_14)","decl":{"start":{"line":49,"column":29},"end":{"line":49,"column":30}},"loc":{"start":{"line":49,"column":40},"end":{"line":49,"column":55}},"line":49},"15":{"name":"(anonymous_15)","decl":{"start":{"line":50,"column":27},"end":{"line":50,"column":28}},"loc":{"start":{"line":50,"column":38},"end":{"line":50,"column":51}},"line":50},"16":{"name":"(anonymous_16)","decl":{"start":{"line":51,"column":30},"end":{"line":51,"column":31}},"loc":{"start":{"line":51,"column":41},"end":{"line":51,"column":57}},"line":51}},"branchMap":{"0":{"loc":{"start":{"line":64,"column":25},"end":{"line":64,"column":49}},"type":"cond-expr","locations":[{"start":{"line":64,"column":34},"end":{"line":64,"column":40}},{"start":{"line":64,"column":43},"end":{"line":64,"column":49}}],"line":64},"1":{"loc":{"start":{"line":72,"column":29},"end":{"line":74,"column":40}},"type":"cond-expr","locations":[{"start":{"line":73,"column":16},"end":{"line":73,"column":39}},{"start":{"line":74,"column":16},"end":{"line":74,"column":40}}],"line":72},"2":{"loc":{"start":{"line":90,"column":16},"end":{"line":90,"column":54}},"type":"cond-expr","locations":[{"start":{"line":90,"column":25},"end":{"line":90,"column":38}},{"start":{"line":90,"column":41},"end":{"line":90,"column":54}}],"line":90},"3":{"loc":{"start":{"line":94,"column":39},"end":{"line":94,"column":75}},"type":"cond-expr","locations":[{"start":{"line":94,"column":48},"end":{"line":94,"column":60}},{"start":{"line":94,"column":63},"end":{"line":94,"column":75}}],"line":94},"4":{"loc":{"start":{"line":103,"column":16},"end":{"line":103,"column":52}},"type":"cond-expr","locations":[{"start":{"line":103,"column":25},"end":{"line":103,"column":37}},{"start":{"line":103,"column":40},"end":{"line":103,"column":52}}],"line":103},"5":{"loc":{"start":{"line":113,"column":16},"end":{"line":113,"column":54}},"type":"cond-expr","locations":[{"start":{"line":113,"column":25},"end":{"line":113,"column":38}},{"start":{"line":113,"column":41},"end":{"line":113,"column":54}}],"line":113},"6":{"loc":{"start":{"line":117,"column":39},"end":{"line":117,"column":75}},"type":"cond-expr","locations":[{"start":{"line":117,"column":48},"end":{"line":117,"column":60}},{"start":{"line":117,"column":63},"end":{"line":117,"column":75}}],"line":117}},"s":{"0":0,"1":0,"2":0,"3":0,"4":0,"5":0,"6":0,"7":0,"8":0,"9":0,"10":0,"11":0,"12":0,"13":0,"14":0,"15":0,"16":0,"17":0,"18":0,"19":0,"20":0,"21":0,"22":0,"23":0,"24":0,"25":0,"26":0,"27":0},"f":{"0":0,"1":0,"2":0,"3":0,"4":0,"5":0,"6":0,"7":0,"8":0,"9":0,"10":0,"11":0,"12":0,"13":0,"14":0,"15":0,"16":0},"b":{"0":[0,0],"1":[0,0],"2":[0,0],"3":[0,0],"4":[0,0],"5":[0,0],"6":[0,0]}}
,"/home/aghthar/backyard/new state/src/components/BaseScreen.tsx": {"path":"/home/aghthar/backyard/new state/src/components/BaseScreen.tsx","statementMap":{"0":{"start":{"line":25,"column":17},"end":{"line":57,"column":1}},"1":{"start":{"line":35,"column":4},"end":{"line":55,"column":11}},"2":{"start":{"line":59,"column":26},"end":{"line":124,"column":1}},"3":{"start":{"line":64,"column":32},"end":{"line":64,"column":44}},"4":{"start":{"line":65,"column":21},"end":{"line":65,"column":42}},"5":{"start":{"line":66,"column":22},"end":{"line":66,"column":38}},"6":{"start":{"line":67,"column":17},"end":{"line":67,"column":39}},"7":{"start":{"line":69,"column":2},"end":{"line":123,"column":4}},"8":{"start":{"line":94,"column":14},"end":{"line":97,"column":15}},"9":{"start":{"line":95,"column":16},"end":{"line":95,"column":35}},"10":{"start":{"line":96,"column":16},"end":{"line":96,"column":31}},"11":{"start":{"line":110,"column":32},"end":{"line":110,"column":39}},"12":{"start":{"line":115,"column":10},"end":{"line":119,"column":12}},"13":{"start":{"line":117,"column":28},"end":{"line":117,"column":49}}},"fnMap":{"0":{"name":"(anonymous_0)","decl":{"start":{"line":26,"column":2},"end":{"line":26,"column":3}},"loc":{"start":{"line":35,"column":4},"end":{"line":55,"column":11}},"line":35},"1":{"name":"(anonymous_1)","decl":{"start":{"line":59,"column":26},"end":{"line":59,"column":27}},"loc":{"start":{"line":63,"column":23},"end":{"line":124,"column":1}},"line":63},"2":{"name":"(anonymous_2)","decl":{"start":{"line":93,"column":21},"end":{"line":93,"column":22}},"loc":{"start":{"line":93,"column":27},"end":{"line":98,"column":13}},"line":93},"3":{"name":"(anonymous_3)","decl":{"start":{"line":110,"column":22},"end":{"line":110,"column":23}},"loc":{"start":{"line":110,"column":32},"end":{"line":110,"column":39}},"line":110},"4":{"name":"(anonymous_4)","decl":{"start":{"line":114,"column":20},"end":{"line":114,"column":21}},"loc":{"start":{"line":115,"column":10},"end":{"line":119,"column":12}},"line":115},"5":{"name":"(anonymous_5)","decl":{"start":{"line":117,"column":22},"end":{"line":117,"column":23}},"loc":{"start":{"line":117,"column":28},"end":{"line":117,"column":49}},"line":117}},"branchMap":{"0":{"loc":{"start":{"line":37,"column":8},"end":{"line":39,"column":41}},"type":"cond-expr","locations":[{"start":{"line":38,"column":12},"end":{"line":38,"column":44}},{"start":{"line":39,"column":12},"end":{"line":39,"column":41}}],"line":37},"1":{"loc":{"start":{"line":44,"column":10},"end":{"line":44,"column":46}},"type":"cond-expr","locations":[{"start":{"line":44,"column":19},"end":{"line":44,"column":31}},{"start":{"line":44,"column":34},"end":{"line":44,"column":46}}],"line":44},"2":{"loc":{"start":{"line":73,"column":25},"end":{"line":73,"column":49}},"type":"cond-expr","locations":[{"start":{"line":73,"column":34},"end":{"line":73,"column":40}},{"start":{"line":73,"column":43},"end":{"line":73,"column":49}}],"line":73},"3":{"loc":{"start":{"line":82,"column":34},"end":{"line":82,"column":58}},"type":"cond-expr","locations":[{"start":{"line":82,"column":43},"end":{"line":82,"column":49}},{"start":{"line":82,"column":52},"end":{"line":82,"column":58}}],"line":82},"4":{"loc":{"start":{"line":86,"column":31},"end":{"line":86,"column":61}},"type":"cond-expr","locations":[{"start":{"line":86,"column":40},"end":{"line":86,"column":49}},{"start":{"line":86,"column":52},"end":{"line":86,"column":61}}],"line":86},"5":{"loc":{"start":{"line":88,"column":21},"end":{"line":88,"column":45}},"type":"cond-expr","locations":[{"start":{"line":88,"column":30},"end":{"line":88,"column":36}},{"start":{"line":88,"column":39},"end":{"line":88,"column":45}}],"line":88},"6":{"loc":{"start":{"line":94,"column":14},"end":{"line":97,"column":15}},"type":"if","locations":[{"start":{"line":94,"column":14},"end":{"line":97,"column":15}},{"start":{},"end":{}}],"line":94},"7":{"loc":{"start":{"line":100,"column":14},"end":{"line":100,"column":52}},"type":"cond-expr","locations":[{"start":{"line":100,"column":23},"end":{"line":100,"column":36}},{"start":{"line":100,"column":39},"end":{"line":100,"column":52}}],"line":100},"8":{"loc":{"start":{"line":103,"column":50},"end":{"line":103,"column":74}},"type":"cond-expr","locations":[{"start":{"line":103,"column":59},"end":{"line":103,"column":65}},{"start":{"line":103,"column":68},"end":{"line":103,"column":74}}],"line":103}},"s":{"0":0,"1":0,"2":0,"3":0,"4":0,"5":0,"6":0,"7":0,"8":0,"9":0,"10":0,"11":0,"12":0,"13":0},"f":{"0":0,"1":0,"2":0,"3":0,"4":0,"5":0},"b":{"0":[0,0],"1":[0,0],"2":[0,0],"3":[0,0],"4":[0,0],"5":[0,0],"6":[0,0],"7":[0,0],"8":[0,0]}}
,"/home/aghthar/backyard/new state/src/hooks/useColorScheme.ts": {"path":"/home/aghthar/backyard/new state/src/hooks/useColorScheme.ts","statementMap":{"0":{"start":{"line":4,"column":2},"end":{"line":4,"column":52}}},"fnMap":{"0":{"name":"useColorScheme","decl":{"start":{"line":3,"column":24},"end":{"line":3,"column":38}},"loc":{"start":{"line":3,"column":41},"end":{"line":5,"column":1}},"line":3}},"branchMap":{},"s":{"0":0},"f":{"0":0},"b":{}}
,"/home/aghthar/backyard/new state/src/store/index.ts": {"path":"/home/aghthar/backyard/new state/src/store/index.ts","statementMap":{"0":{"start":{"line":2,"column":27},"end":{"line":2,"column":31}}},"fnMap":{},"branchMap":{},"s":{"0":0},"f":{},"b":{}}
,"/home/aghthar/backyard/new state/src/testing/performance-utils.ts": {"path":"/home/aghthar/backyard/new state/src/testing/performance-utils.ts","statementMap":{"0":{"start":{"line":9,"column":34},"end":{"line":24,"column":1}},"1":{"start":{"line":13,"column":22},"end":{"line":13,"column":52}},"2":{"start":{"line":14,"column":20},"end":{"line":14,"column":37}},"3":{"start":{"line":16,"column":2},"end":{"line":16,"column":26}},"4":{"start":{"line":17,"column":2},"end":{"line":17,"column":20}},"5":{"start":{"line":19,"column":2},"end":{"line":23,"column":4}}},"fnMap":{"0":{"name":"(anonymous_0)","decl":{"start":{"line":9,"column":34},"end":{"line":9,"column":35}},"loc":{"start":{"line":12,"column":34},"end":{"line":24,"column":1}},"line":12}},"branchMap":{},"s":{"0":0,"1":0,"2":0,"3":0,"4":0,"5":0},"f":{"0":0},"b":{}}
,"/home/aghthar/backyard/new state/src/testing/test-utils.ts": {"path":"/home/aghthar/backyard/new state/src/testing/test-utils.ts","statementMap":{"0":{"start":{"line":4,"column":21},"end":{"line":8,"column":4}},"1":{"start":{"line":5,"column":2},"end":{"line":8,"column":4}},"2":{"start":{"line":6,"column":31},"end":{"line":6,"column":39}}},"fnMap":{"0":{"name":"(anonymous_0)","decl":{"start":{"line":4,"column":21},"end":{"line":4,"column":22}},"loc":{"start":{"line":5,"column":2},"end":{"line":8,"column":4}},"line":5},"1":{"name":"(anonymous_1)","decl":{"start":{"line":6,"column":13},"end":{"line":6,"column":14}},"loc":{"start":{"line":6,"column":31},"end":{"line":6,"column":39}},"line":6}},"branchMap":{"0":{"loc":{"start":{"line":4,"column":40},"end":{"line":4,"column":52}},"type":"default-arg","locations":[{"start":{"line":4,"column":50},"end":{"line":4,"column":52}}],"line":4}},"s":{"0":0,"1":0,"2":0},"f":{"0":0,"1":0},"b":{"0":[0]}}
}
