TN:
SF:src/app/_layout.tsx
FN:25,RootLayout
FN:31,(anonymous_1)
FN:50,(anonymous_2)
FN:72,(anonymous_3)
FNF:4
FNH:0
FNDA:0,RootLayout
FNDA:0,(anonymous_1)
FNDA:0,(anonymous_2)
FNDA:0,(anonymous_3)
DA:23,0
DA:26,0
DA:27,0
DA:28,0
DA:29,0
DA:31,0
DA:32,0
DA:35,0
DA:51,0
DA:72,0
LF:10
LH:0
BRDA:39,0,0,0
BRDA:39,0,1,0
BRDA:41,1,0,0
BRDA:41,1,1,0
BRDA:46,2,0,0
BRDA:46,2,1,0
BRDA:51,3,0,0
BRDA:51,3,1,0
BRDA:55,4,0,0
BRDA:55,4,1,0
BRDA:74,5,0,0
BRDA:74,5,1,0
BRDA:83,6,0,0
BRDA:83,6,1,0
BRDA:105,7,0,0
BRDA:105,7,1,0
BRDA:116,8,0,0
BRDA:116,8,1,0
BRDA:127,9,0,0
BRDA:127,9,1,0
BRDA:138,10,0,0
BRDA:138,10,1,0
BRDA:149,11,0,0
BRDA:149,11,1,0
BRDA:160,12,0,0
BRDA:160,12,1,0
BRF:26
BRH:0
end_of_record
TN:
SF:src/app/context.tsx
FN:28,reducer
FN:45,(anonymous_1)
FN:53,ContextScreen
FN:90,(anonymous_3)
FN:111,(anonymous_4)
FN:129,(anonymous_5)
FN:130,(anonymous_6)
FN:137,ContextWrapper
FNF:8
FNH:0
FNDA:0,reducer
FNDA:0,(anonymous_1)
FNDA:0,ContextScreen
FNDA:0,(anonymous_3)
FNDA:0,(anonymous_4)
FNDA:0,(anonymous_5)
FNDA:0,(anonymous_6)
FNDA:0,ContextWrapper
DA:24,0
DA:25,0
DA:29,0
DA:31,0
DA:33,0
DA:35,0
DA:43,0
DA:45,0
DA:48,0
DA:54,0
DA:55,0
DA:57,0
DA:58,0
DA:59,0
DA:61,0
DA:63,0
DA:90,0
DA:111,0
DA:129,0
DA:130,0
DA:138,0
DA:143,0
LF:22
LH:0
BRDA:29,0,0,0
BRDA:29,0,1,0
BRDA:29,0,2,0
BRDA:29,0,3,0
BRDA:29,0,4,0
BRDA:67,1,0,0
BRDA:67,1,1,0
BRDA:75,2,0,0
BRDA:75,2,1,0
BRDA:92,3,0,0
BRDA:92,3,1,0
BRDA:96,4,0,0
BRDA:96,4,1,0
BRDA:104,5,0,0
BRDA:104,5,1,0
BRDA:113,6,0,0
BRDA:113,6,1,0
BRDA:117,7,0,0
BRDA:117,7,1,0
BRF:19
BRH:0
end_of_record
TN:
SF:src/app/index.tsx
FN:60,HomeScreen
FN:91,(anonymous_1)
FNF:2
FNH:0
FNDA:0,HomeScreen
FNDA:0,(anonymous_1)
DA:15,0
DA:61,0
DA:62,0
DA:63,0
DA:65,0
DA:92,0
LF:6
LH:0
BRDA:70,0,0,0
BRDA:70,0,1,0
BRDA:76,1,0,0
BRDA:76,1,1,0
BRDA:83,2,0,0
BRDA:83,2,1,0
BRDA:95,3,0,0
BRDA:95,3,1,0
BRDA:101,4,0,0
BRDA:101,4,1,0
BRDA:108,5,0,0
BRDA:108,5,1,0
BRF:12
BRH:0
end_of_record
TN:
SF:src/app/jotai.tsx
FN:18,JotaiScreen
FN:28,(anonymous_1)
FN:29,(anonymous_2)
FN:32,(anonymous_3)
FN:33,(anonymous_4)
FN:33,(anonymous_5)
FN:63,(anonymous_6)
FN:63,(anonymous_7)
FN:84,(anonymous_8)
FN:84,(anonymous_9)
FNF:10
FNH:0
FNDA:0,JotaiScreen
FNDA:0,(anonymous_1)
FNDA:0,(anonymous_2)
FNDA:0,(anonymous_3)
FNDA:0,(anonymous_4)
FNDA:0,(anonymous_5)
FNDA:0,(anonymous_6)
FNDA:0,(anonymous_7)
FNDA:0,(anonymous_8)
FNDA:0,(anonymous_9)
DA:14,0
DA:15,0
DA:19,0
DA:20,0
DA:22,0
DA:23,0
DA:24,0
DA:26,0
DA:28,0
DA:29,0
DA:32,0
DA:33,0
DA:36,0
DA:63,0
DA:84,0
LF:15
LH:0
BRDA:40,0,0,0
BRDA:40,0,1,0
BRDA:48,1,0,0
BRDA:48,1,1,0
BRDA:65,2,0,0
BRDA:65,2,1,0
BRDA:69,3,0,0
BRDA:69,3,1,0
BRDA:77,4,0,0
BRDA:77,4,1,0
BRDA:86,5,0,0
BRDA:86,5,1,0
BRDA:90,6,0,0
BRDA:90,6,1,0
BRF:14
BRH:0
end_of_record
TN:
SF:src/app/mobx.tsx
FN:22,(anonymous_0)
FN:27,(anonymous_1)
FN:31,(anonymous_2)
FN:36,(anonymous_3)
FN:43,(anonymous_4)
FN:44,(anonymous_5)
FN:52,MobxScreen
FNF:7
FNH:0
FNDA:0,(anonymous_0)
FNDA:0,(anonymous_1)
FNDA:0,(anonymous_2)
FNDA:0,(anonymous_3)
FNDA:0,(anonymous_4)
FNDA:0,(anonymous_5)
FNDA:0,MobxScreen
DA:17,0
DA:20,0
DA:23,0
DA:27,0
DA:28,0
DA:31,0
DA:32,0
DA:36,0
DA:37,0
DA:43,0
DA:44,0
DA:49,0
DA:53,0
DA:54,0
DA:55,0
DA:58,0
DA:60,0
LF:17
LH:0
BRDA:64,0,0,0
BRDA:64,0,1,0
BRDA:72,1,0,0
BRDA:72,1,1,0
BRDA:90,2,0,0
BRDA:90,2,1,0
BRDA:94,3,0,0
BRDA:94,3,1,0
BRDA:103,4,0,0
BRDA:103,4,1,0
BRDA:113,5,0,0
BRDA:113,5,1,0
BRDA:117,6,0,0
BRDA:117,6,1,0
BRF:14
BRH:0
end_of_record
TN:
SF:src/app/recoil.tsx
FN:31,RecoilScreen
FN:42,(anonymous_1)
FN:43,(anonymous_2)
FN:46,(anonymous_3)
FN:47,(anonymous_4)
FN:47,(anonymous_5)
FN:77,(anonymous_6)
FN:77,(anonymous_7)
FN:98,(anonymous_8)
FN:98,(anonymous_9)
FN:120,RecoilWrapper
FNF:11
FNH:0
FNDA:0,RecoilScreen
FNDA:0,(anonymous_1)
FNDA:0,(anonymous_2)
FNDA:0,(anonymous_3)
FNDA:0,(anonymous_4)
FNDA:0,(anonymous_5)
FNDA:0,(anonymous_6)
FNDA:0,(anonymous_7)
FNDA:0,(anonymous_8)
FNDA:0,(anonymous_9)
FNDA:0,RecoilWrapper
DA:20,0
DA:25,0
DA:32,0
DA:33,0
DA:34,0
DA:36,0
DA:37,0
DA:38,0
DA:40,0
DA:42,0
DA:43,0
DA:46,0
DA:47,0
DA:50,0
DA:77,0
DA:98,0
DA:121,0
LF:17
LH:0
BRDA:54,0,0,0
BRDA:54,0,1,0
BRDA:62,1,0,0
BRDA:62,1,1,0
BRDA:79,2,0,0
BRDA:79,2,1,0
BRDA:83,3,0,0
BRDA:83,3,1,0
BRDA:91,4,0,0
BRDA:91,4,1,0
BRDA:100,5,0,0
BRDA:100,5,1,0
BRDA:104,6,0,0
BRDA:104,6,1,0
BRF:14
BRH:0
end_of_record
TN:
SF:src/app/redux.tsx
FN:33,(anonymous_0)
FN:36,(anonymous_1)
FN:47,(anonymous_2)
FN:53,(anonymous_3)
FN:54,(anonymous_4)
FN:72,ReduxScreen
FN:73,(anonymous_6)
FN:74,(anonymous_7)
FN:111,(anonymous_8)
FN:134,(anonymous_9)
FN:152,(anonymous_10)
FN:153,(anonymous_11)
FN:160,ReduxWrapper
FNF:13
FNH:0
FNDA:0,(anonymous_0)
FNDA:0,(anonymous_1)
FNDA:0,(anonymous_2)
FNDA:0,(anonymous_3)
FNDA:0,(anonymous_4)
FNDA:0,ReduxScreen
FNDA:0,(anonymous_6)
FNDA:0,(anonymous_7)
FNDA:0,(anonymous_8)
FNDA:0,(anonymous_9)
FNDA:0,(anonymous_10)
FNDA:0,(anonymous_11)
FNDA:0,ReduxWrapper
DA:29,0
DA:34,0
DA:37,0
DA:43,0
DA:48,0
DA:54,0
DA:60,0
DA:68,0
DA:69,0
DA:73,0
DA:74,0
DA:75,0
DA:76,0
DA:77,0
DA:78,0
DA:81,0
DA:83,0
DA:111,0
DA:134,0
DA:152,0
DA:153,0
DA:161,0
LF:22
LH:0
BRDA:87,0,0,0
BRDA:87,0,1,0
BRDA:95,1,0,0
BRDA:95,1,1,0
BRDA:113,2,0,0
BRDA:113,2,1,0
BRDA:117,3,0,0
BRDA:117,3,1,0
BRDA:126,4,0,0
BRDA:126,4,1,0
BRDA:136,5,0,0
BRDA:136,5,1,0
BRDA:140,6,0,0
BRDA:140,6,1,0
BRF:14
BRH:0
end_of_record
TN:
SF:src/app/zustand.tsx
FN:26,(anonymous_0)
FN:29,(anonymous_1)
FN:29,(anonymous_2)
FN:30,(anonymous_3)
FN:30,(anonymous_4)
FN:34,(anonymous_5)
FN:35,(anonymous_6)
FN:38,(anonymous_7)
FN:39,(anonymous_8)
FN:40,(anonymous_9)
FN:45,ZustandScreen
FN:46,(anonymous_11)
FN:47,(anonymous_12)
FN:48,(anonymous_13)
FN:49,(anonymous_14)
FN:50,(anonymous_15)
FN:51,(anonymous_16)
FNF:17
FNH:0
FNDA:0,(anonymous_0)
FNDA:0,(anonymous_1)
FNDA:0,(anonymous_2)
FNDA:0,(anonymous_3)
FNDA:0,(anonymous_4)
FNDA:0,(anonymous_5)
FNDA:0,(anonymous_6)
FNDA:0,(anonymous_7)
FNDA:0,(anonymous_8)
FNDA:0,(anonymous_9)
FNDA:0,ZustandScreen
FNDA:0,(anonymous_11)
FNDA:0,(anonymous_12)
FNDA:0,(anonymous_13)
FNDA:0,(anonymous_14)
FNDA:0,(anonymous_15)
FNDA:0,(anonymous_16)
DA:26,0
DA:29,0
DA:30,0
DA:35,0
DA:39,0
DA:40,0
DA:46,0
DA:47,0
DA:48,0
DA:49,0
DA:50,0
DA:51,0
DA:53,0
DA:54,0
DA:55,0
DA:58,0
DA:60,0
LF:17
LH:0
BRDA:64,0,0,0
BRDA:64,0,1,0
BRDA:72,1,0,0
BRDA:72,1,1,0
BRDA:90,2,0,0
BRDA:90,2,1,0
BRDA:94,3,0,0
BRDA:94,3,1,0
BRDA:103,4,0,0
BRDA:103,4,1,0
BRDA:113,5,0,0
BRDA:113,5,1,0
BRDA:117,6,0,0
BRDA:117,6,1,0
BRF:14
BRH:0
end_of_record
TN:
SF:src/components/BaseScreen.tsx
FN:26,(anonymous_0)
FN:59,(anonymous_1)
FN:93,(anonymous_2)
FN:110,(anonymous_3)
FN:114,(anonymous_4)
FN:117,(anonymous_5)
FNF:6
FNH:0
FNDA:0,(anonymous_0)
FNDA:0,(anonymous_1)
FNDA:0,(anonymous_2)
FNDA:0,(anonymous_3)
FNDA:0,(anonymous_4)
FNDA:0,(anonymous_5)
DA:25,0
DA:35,0
DA:59,0
DA:64,0
DA:65,0
DA:66,0
DA:67,0
DA:69,0
DA:94,0
DA:95,0
DA:96,0
DA:110,0
DA:115,0
DA:117,0
LF:14
LH:0
BRDA:37,0,0,0
BRDA:37,0,1,0
BRDA:44,1,0,0
BRDA:44,1,1,0
BRDA:73,2,0,0
BRDA:73,2,1,0
BRDA:82,3,0,0
BRDA:82,3,1,0
BRDA:86,4,0,0
BRDA:86,4,1,0
BRDA:88,5,0,0
BRDA:88,5,1,0
BRDA:94,6,0,0
BRDA:94,6,1,0
BRDA:100,7,0,0
BRDA:100,7,1,0
BRDA:103,8,0,0
BRDA:103,8,1,0
BRF:18
BRH:0
end_of_record
TN:
SF:src/hooks/useColorScheme.ts
FN:3,useColorScheme
FNF:1
FNH:0
FNDA:0,useColorScheme
DA:4,0
LF:1
LH:0
BRF:0
BRH:0
end_of_record
TN:
SF:src/store/index.ts
FNF:0
FNH:0
DA:2,0
LF:1
LH:0
BRF:0
BRH:0
end_of_record
TN:
SF:src/testing/performance-utils.ts
FN:9,(anonymous_0)
FNF:1
FNH:0
FNDA:0,(anonymous_0)
DA:9,0
DA:13,0
DA:14,0
DA:16,0
DA:17,0
DA:19,0
LF:6
LH:0
BRF:0
BRH:0
end_of_record
TN:
SF:src/testing/test-utils.ts
FN:4,(anonymous_0)
FN:6,(anonymous_1)
FNF:2
FNH:0
FNDA:0,(anonymous_0)
FNDA:0,(anonymous_1)
DA:4,0
DA:5,0
DA:6,0
LF:3
LH:0
BRDA:4,0,0,0
BRF:1
BRH:0
end_of_record
